<?xml version="1.0" encoding="UTF-8"?>
<!-- Generated by org.testng.reporters.JUnitXMLReporter -->
<testsuite ignored="0" hostname="DESKTOP-QRV2TPR" failures="0" tests="3" name="HomePageTest" time="13.305" errors="0" timestamp="2026-02-02T10:52:50 CET">
  <testcase classname="com.CRM.TestCase.HomePageTestCase" name="verifyUrl" time="0.047"/>
  <testcase classname="com.CRM.TestCase.HomePageTestCase" name="verifyTitle" time="0.043"/>
  <testcase classname="com.CRM.TestCase.HomePageTestCase" name="validateSignInLink" time="1.281"/>
</testsuite> <!-- HomePageTest -->
