<?xml version="1.0" encoding="UTF-8"?>
<!-- Generated by org.testng.reporters.JUnitXMLReporter -->
<testsuite ignored="0" hostname="DESKTOP-QRV2TPR" failures="0" tests="3" name="HomePageTest" time="16.961" errors="0" timestamp="2026-01-12T12:06:40 CET">
  <testcase classname="com.CRM.TestCase.HomePageTestCase" name="verifyUrl" time="0.046"/>
  <testcase classname="com.CRM.TestCase.HomePageTestCase" name="verifyTitle" time="0.068"/>
  <testcase classname="com.CRM.TestCase.HomePageTestCase" name="validateSignInLink" time="0.713"/>
</testsuite> <!-- HomePageTest -->
