<?xml version="1.0" encoding="UTF-8"?>
<!-- Generated by org.testng.reporters.JUnitXMLReporter -->
<testsuite ignored="0" hostname="DESKTOP-QRV2TPR" failures="0" tests="3" name="HomePageTest" time="7.416" errors="0" timestamp="2026-01-21T12:56:01 CET">
  <testcase classname="com.CRM.TestCase.HomePageTestCase" name="verifyUrl" time="0.029"/>
  <testcase classname="com.CRM.TestCase.HomePageTestCase" name="verifyTitle" time="0.022"/>
  <testcase classname="com.CRM.TestCase.HomePageTestCase" name="validateSignInLink" time="0.731"/>
</testsuite> <!-- HomePageTest -->
