<?xml version="1.0" encoding="UTF-8"?>
<testng-results ignored="0" total="4" passed="4" failed="0" skipped="0">
  <reporter-output>
  </reporter-output>
  <suite started-at="2026-01-21T12:55:54 CET" name="Suite" finished-at="2026-01-21T12:56:11 CET" duration-ms="16711">
    <groups>
    </groups>
    <test started-at="2026-01-21T12:55:54 CET" name="HomePageTest" finished-at="2026-01-21T12:56:01 CET" duration-ms="7416">
      <class name="com.CRM.TestCase.HomePageTestCase">
        <test-method is-config="true" signature="setup()[pri:0, instance:com.CRM.TestCase.HomePageTestCase@35047d03]" started-at="2026-01-21T12:55:54 CET" name="setup" finished-at="2026-01-21T12:56:01 CET" duration-ms="6544" status="PASS">
          <reporter-output>
          </reporter-output>
        </test-method> <!-- setup -->
        <test-method signature="verifyUrl()[pri:1, instance:com.CRM.TestCase.HomePageTestCase@35047d03]" started-at="2026-01-21T12:56:01 CET" name="verifyUrl" finished-at="2026-01-21T12:56:01 CET" duration-ms="29" status="PASS">
          <reporter-output>
          </reporter-output>
        </test-method> <!-- verifyUrl -->
        <test-method signature="verifyTitle()[pri:2, instance:com.CRM.TestCase.HomePageTestCase@35047d03]" started-at="2026-01-21T12:56:01 CET" name="verifyTitle" finished-at="2026-01-21T12:56:01 CET" duration-ms="22" status="PASS">
          <reporter-output>
          </reporter-output>
        </test-method> <!-- verifyTitle -->
        <test-method signature="validateSignInLink()[pri:3, instance:com.CRM.TestCase.HomePageTestCase@35047d03]" started-at="2026-01-21T12:56:01 CET" name="validateSignInLink" finished-at="2026-01-21T12:56:01 CET" duration-ms="731" status="PASS">
          <reporter-output>
          </reporter-output>
        </test-method> <!-- validateSignInLink -->
      </class> <!-- com.CRM.TestCase.HomePageTestCase -->
    </test> <!-- HomePageTest -->
    <test started-at="2026-01-21T12:56:01 CET" name="LoginPageTest" finished-at="2026-01-21T12:56:11 CET" duration-ms="9209">
      <class name="com.CRM.TestCase.LoginPageTestCase">
        <test-method is-config="true" signature="setup()[pri:0, instance:com.CRM.TestCase.LoginPageTestCase@27ce24aa]" started-at="2026-01-21T12:56:01 CET" name="setup" finished-at="2026-01-21T12:56:05 CET" duration-ms="3621" status="PASS">
          <reporter-output>
          </reporter-output>
        </test-method> <!-- setup -->
        <test-method is-config="true" signature="pageSetup()[pri:0, instance:com.CRM.TestCase.LoginPageTestCase@27ce24aa]" started-at="2026-01-21T12:56:05 CET" name="pageSetup" finished-at="2026-01-21T12:56:06 CET" duration-ms="748" status="PASS">
          <reporter-output>
          </reporter-output>
        </test-method> <!-- pageSetup -->
        <test-method signature="validateLogin()[pri:0, instance:com.CRM.TestCase.LoginPageTestCase@27ce24aa]" started-at="2026-01-21T12:56:06 CET" name="validateLogin" finished-at="2026-01-21T12:56:11 CET" duration-ms="4835" status="PASS">
          <reporter-output>
          </reporter-output>
        </test-method> <!-- validateLogin -->
      </class> <!-- com.CRM.TestCase.LoginPageTestCase -->
    </test> <!-- LoginPageTest -->
  </suite> <!-- Suite -->
</testng-results>
