<?xml version="1.0" encoding="UTF-8"?>
<testng-results ignored="0" total="4" passed="4" failed="0" skipped="0">
  <reporter-output>
  </reporter-output>
  <suite started-at="2026-02-02T10:52:37 CET" name="Suite" finished-at="2026-02-02T10:53:01 CET" duration-ms="24224">
    <groups>
    </groups>
    <test started-at="2026-02-02T10:52:37 CET" name="HomePageTest" finished-at="2026-02-02T10:52:50 CET" duration-ms="13305">
      <class name="com.CRM.TestCase.HomePageTestCase">
        <test-method is-config="true" signature="setup()[pri:0, instance:com.CRM.TestCase.HomePageTestCase@17f7cd29]" started-at="2026-02-02T10:52:37 CET" name="setup" finished-at="2026-02-02T10:52:49 CET" duration-ms="11808" status="PASS">
          <reporter-output>
          </reporter-output>
        </test-method> <!-- setup -->
        <test-method signature="verifyUrl()[pri:1, instance:com.CRM.TestCase.HomePageTestCase@17f7cd29]" started-at="2026-02-02T10:52:49 CET" name="verifyUrl" finished-at="2026-02-02T10:52:49 CET" duration-ms="47" status="PASS">
          <reporter-output>
          </reporter-output>
        </test-method> <!-- verifyUrl -->
        <test-method signature="verifyTitle()[pri:2, instance:com.CRM.TestCase.HomePageTestCase@17f7cd29]" started-at="2026-02-02T10:52:49 CET" name="verifyTitle" finished-at="2026-02-02T10:52:49 CET" duration-ms="43" status="PASS">
          <reporter-output>
          </reporter-output>
        </test-method> <!-- verifyTitle -->
        <test-method signature="validateSignInLink()[pri:3, instance:com.CRM.TestCase.HomePageTestCase@17f7cd29]" started-at="2026-02-02T10:52:49 CET" name="validateSignInLink" finished-at="2026-02-02T10:52:50 CET" duration-ms="1281" status="PASS">
          <reporter-output>
          </reporter-output>
        </test-method> <!-- validateSignInLink -->
      </class> <!-- com.CRM.TestCase.HomePageTestCase -->
    </test> <!-- HomePageTest -->
    <test started-at="2026-02-02T10:52:51 CET" name="LoginPageTest" finished-at="2026-02-02T10:53:01 CET" duration-ms="10770">
      <class name="com.CRM.TestCase.LoginPageTestCase">
        <test-method is-config="true" signature="setup()[pri:0, instance:com.CRM.TestCase.LoginPageTestCase@68567e20]" started-at="2026-02-02T10:52:51 CET" name="setup" finished-at="2026-02-02T10:52:56 CET" duration-ms="5442" status="PASS">
          <reporter-output>
          </reporter-output>
        </test-method> <!-- setup -->
        <test-method is-config="true" signature="pageSetup()[pri:0, instance:com.CRM.TestCase.LoginPageTestCase@68567e20]" started-at="2026-02-02T10:52:56 CET" name="pageSetup" finished-at="2026-02-02T10:52:57 CET" duration-ms="1176" status="PASS">
          <reporter-output>
          </reporter-output>
        </test-method> <!-- pageSetup -->
        <test-method signature="validateLogin()[pri:0, instance:com.CRM.TestCase.LoginPageTestCase@68567e20]" started-at="2026-02-02T10:52:57 CET" name="validateLogin" finished-at="2026-02-02T10:53:01 CET" duration-ms="4141" status="PASS">
          <reporter-output>
          </reporter-output>
        </test-method> <!-- validateLogin -->
      </class> <!-- com.CRM.TestCase.LoginPageTestCase -->
    </test> <!-- LoginPageTest -->
  </suite> <!-- Suite -->
</testng-results>
