<?xml version="1.0" encoding="UTF-8"?>
<!-- Generated by org.testng.reporters.JUnitReportReporter -->
<testsuite hostname="DESKTOP-QRV2TPR" failures="0" tests="3" name="com.CRM.TestCase.HomePageTestCase" time="0.827" errors="0" timestamp="2026-01-12T12:06:51 CET" skipped="0">
  <testcase classname="com.CRM.TestCase.HomePageTestCase" name="verifyUrl" time="0.046"/>
  <testcase classname="com.CRM.TestCase.HomePageTestCase" name="verifyTitle" time="0.068"/>
  <testcase classname="com.CRM.TestCase.HomePageTestCase" name="validateSignInLink" time="0.713"/>
</testsuite> <!-- com.CRM.TestCase.HomePageTestCase -->
