<?xml version="1.0" encoding="UTF-8"?>
<!-- Generated by org.testng.reporters.JUnitReportReporter -->
<testsuite hostname="DESKTOP-QRV2TPR" failures="0" tests="3" name="com.CRM.TestCase.HomePageTestCase" time="1.371" errors="0" timestamp="2026-02-02T10:53:02 CET" skipped="0">
  <testcase classname="com.CRM.TestCase.HomePageTestCase" name="verifyUrl" time="0.047"/>
  <testcase classname="com.CRM.TestCase.HomePageTestCase" name="verifyTitle" time="0.043"/>
  <testcase classname="com.CRM.TestCase.HomePageTestCase" name="validateSignInLink" time="1.281"/>
</testsuite> <!-- com.CRM.TestCase.HomePageTestCase -->
