<?xml version="1.0" encoding="UTF-8"?>
<!-- Generated by org.testng.reporters.JUnitReportReporter -->
<testsuite hostname="DESKTOP-QRV2TPR" failures="0" tests="3" name="com.CRM.TestCase.HomePageTestCase" time="0.782" errors="0" timestamp="2026-01-21T12:56:11 CET" skipped="0">
  <testcase classname="com.CRM.TestCase.HomePageTestCase" name="verifyUrl" time="0.029"/>
  <testcase classname="com.CRM.TestCase.HomePageTestCase" name="verifyTitle" time="0.022"/>
  <testcase classname="com.CRM.TestCase.HomePageTestCase" name="validateSignInLink" time="0.731"/>
</testsuite> <!-- com.CRM.TestCase.HomePageTestCase -->
